         w __deregister_frame_info
         w __register_frame_info
         w _ITM_deregisterTMCloneTable
         w _ITM_registerTMCloneTable
         w _Jv_RegisterClasses
00000000 b .LANCHOR2
00000000 00000401 b __fixedpath
00000000 b _TLS_MODULE_BASE_
00000000 a shift
00000000 a shift
00000404 b .LANCHOR4
00000404 00000802 b __utf16path
00000c08 b .LANCHOR6
00000c08 00000802 b __utf16path_old.7945
00100000 a __start__
00100000 T _start
00100008 T __service_ptr
0010000c T __apt_appid
00100010 T __heap_size
00100014 T __linear_heap_size
00100018 T __system_arglist
0010001c T __system_runflags
00100020 t startup
00100058 t ClearMem
0010006c t ClrLoop
00100094 T _init
001000ac T initSystem
001000f0 T __ctru_exit
00100110 T __aeabi_idiv
00100110 00000220 T __divsi3
00100118 t .divsi3_skip_div0_test
00100330 00000020 T __aeabi_idivmod
00100350 00000004 W __aeabi_idiv0
00100350 00000004 W __aeabi_ldiv0
00100354 T __aeabi_uldivmod
001003a8 00000390 T strcmp
00100730 t .udivsi3_skip_div0_test
00100730 T __aeabi_uidiv
00100730 000001ec T __udivsi3
0010091c 00000020 T __aeabi_uidivmod
0010093c t deregister_tm_clones
0010096c t register_tm_clones
001009a4 t __do_global_dtors_aux
001009e8 t frame_dummy
00100a44 000000b0 T refresh
00100af4 000008e4 T setString
001013d8 000003e8 T main
001017c0 00000018 T consoleSelect
001017d8 000001b0 T consoleDrawChar
00101988 00000124 T consolePrintChar
00101aac 00000190 t consoleCls
00101c3c 00000104 T consoleInit
00101d40 00000144 t consoleClearLine
00101e84 000000bc t newRow
00101f40 00000774 T con_write
001026b4 0000008c t gfxSetFramebufferInfo.part.0
00102740 00000018 T __get_bytes_per_pixel
00102758 00000180 T gfxSetScreenFormat
001028d8 00000010 T gfxSetDoubleBuffering
001028e8 00000070 T gfxSetFramebufferInfo
00102958 000000b0 T gfxWriteFramebufferInfo
00102a08 0000020c T gfxInit
00102c14 00000010 T gfxInitDefault
00102c24 000000e0 T gfxExit
00102d04 000000bc T gfxGetFramebuffer
00102dc0 000000e0 T gfxFlushBuffers
00102ea0 00000060 T gfxConfigScreen
00102f00 00000020 T gfxSwapBuffers
00102f20 00000020 T gfxSwapBuffersGpu
00102f40 00000004 W _aptDebug
00102f44 00000138 T aptSendCommand
0010307c 0000003c t aptExitProcess
001030b8 0000001c T aptSetMessageCallback
001030d4 0000004c T APT_InquireNotification
00103120 0000019c t aptEventHandler
001032bc 00000074 T APT_AppletUtility
00103330 000000b4 T aptSetSleepAllowed
001033e4 000000b4 T APT_GlanceParameter
00103498 000000c0 T APT_ReceiveParameter
00103558 000000bc t aptReceiveParameter.constprop.0
00103618 000001ec t aptScreenTransfer
00103804 00000228 t aptWaitForWakeUp
00103a2c 00000058 T APT_SendParameter
00103a84 00000070 T APT_CancelParameter
00103af4 0000027c T aptInit
00103d70 00000090 t aptClearParamQueue
00103e00 00000210 T aptMainLoop
00104010 0000021c T aptExit
0010422c 000000dc T aptLaunchLibraryApplet
00104308 0000007c T APT_CheckNew3DS
00104384 00000074 T gspInit
001043f8 0000003c T gspExit
00104434 000000a0 T gspInitEventHandler
001044d4 00000040 T gspExitEventHandler
00104514 00000044 T gspWaitForEvent
00104558 00000004 W gxCmdQueueInterrupt
0010455c 0000017c t gspEventThreadMain
001046d8 0000006c T GSPGPU_SetBufferSwap
00104744 0000004c T GSPGPU_FlushDataCache
00104790 00000034 T GSPGPU_SetLcdForceBlack
001047c4 00000064 T GSPGPU_RegisterInterruptRelayQueue
00104828 0000002c T GSPGPU_UnregisterInterruptRelayQueue
00104854 00000048 T GSPGPU_AcquireRight
0010489c 0000002c T GSPGPU_ReleaseRight
001048c8 00000080 T GSPGPU_ImportDisplayCaptureInfo
00104948 0000002c T GSPGPU_SaveVramSysArea
00104974 0000002c T GSPGPU_RestoreVramSysArea
001049a0 000000d0 T hidExit
00104a70 00000268 T hidScanInput
00104cd8 00000010 T hidKeysHeld
00104ce8 00000010 T hidKeysDown
00104cf8 00000090 T HIDUSER_GetHandles
00104d88 000001ac T hidInit
00104f34 000000ac T irrstScanInput
00104fe0 00000024 T irrstKeysHeld
00105004 00000050 T IRRST_GetHandles
00105054 0000015c T irrstInit
001051b0 0000002c T IRRST_Shutdown
001051dc 000000ac T irrstExit
00105288 00000024 t swkbdConvertToUTF16.part.0
001052ac 0000016c t swkbdMessageCallback
00105418 00000078 T swkbdInit
00105490 0000003c T swkbdSetFeatures
001054cc 0000002c T swkbdSetHintText
001054f8 00000078 T swkbdSetDictWord
00105570 00000014 T swkbdSetDictionary
00105584 00000380 T swkbdInputText
00105904 000000e8 T utf16_to_utf8
001059ec 000000c0 T utf8_to_utf16
00105aac 000000e8 T __system_initArgv
00105b94 00000038 W __libctru_init
00105bcc 00000030 t __ctru_get_reent
00105bfc 000000e4 T __system_initSyscalls
00105ce0 T svcControlMemory
00105d00 T svcExitProcess
00105d08 T svcCreateThread
00105d28 T svcExitThread
00105d30 T svcSleepThread
00105d38 T svcReleaseMutex
00105d40 T svcCreateEvent
00105d54 T svcSignalEvent
00105d5c T svcClearEvent
00105d64 T svcCreateMemoryBlock
00105d7c T svcMapMemoryBlock
00105d84 T svcUnmapMemoryBlock
00105d8c T svcCreateAddressArbiter
00105da0 T svcArbitrateAddress
00105db8 T svcCloseHandle
00105dc0 T svcWaitSynchronization
00105dc8 T svcWaitSynchronizationN
00105df0 T svcDuplicateHandle
00105e04 T svcGetSystemTick
00105e0c T svcGetSystemInfo
00105e24 T svcConnectToPort
00105e38 T svcSendSyncRequest
00105e40 T svcBreak
00105e48 00000024 t addrMapNodeComparator(rbtree_node const*, rbtree_node const*)
00105e6c 00000004 t addrMapNodeDestructor(rbtree_node*)
00105e70 0000013c T linearMemAlign
00105fac 00000008 T linearAlloc
00105fb4 00000050 T linearFree
00106004 00000024 t addrMapNodeComparator(rbtree_node const*, rbtree_node const*)
00106028 00000004 t addrMapNodeDestructor(rbtree_node*)
0010602c 000000f4 T mappableAlloc
00106120 00000050 T mappableFree
00106170 00000098 T MemPool::CoalesceRight(MemBlock*)
00106208 00000178 T MemPool::Allocate(MemChunk&, unsigned long, int)
00106380 00000100 T MemPool::Deallocate(MemChunk const&)
00106480 00000024 t addrMapNodeComparator(rbtree_node const*, rbtree_node const*)
001064a4 00000004 t addrMapNodeDestructor(rbtree_node*)
001064a8 0000012c T vramMemAlign
001065d4 00000008 T vramAlloc
001065dc 00000050 T vramFree
0010662c 00000084 T envGetHandle
001066b0 0000004c T envDestroyHandles
001066fc 00000058 t getSysTime
00106754 00000024 T osGetMemRegionUsed
00106778 000000f4 T __libctru_gtod
0010686c 00000034 T __ctru_speedup_config
001068a0 00000058 T srvExit
001068f8 00000038 T srvRegisterClient
00106930 0000007c T srvInit
001069ac 00000068 T srvGetServiceHandleDirect
00106a14 00000038 T srvGetServiceHandle
00106a4c 00000034 t LightLock_Unlock.part.1
00106a80 0000000c T __sync_init
00106a8c 00000018 T __sync_fini
00106aa4 00000010 T __sync_get_arbiter
00106ab4 00000018 T LightLock_Init
00106acc 000000a0 T LightLock_Lock
00106b6c 00000034 T LightLock_TryLock
00106ba0 00000020 T LightLock_Unlock
00106bc0 00000024 T RecursiveLock_Init
00106be4 00000030 T RecursiveLock_Lock
00106c14 00000058 T RecursiveLock_TryLock
00106c6c 00000038 T RecursiveLock_Unlock
00106ca4 00000038 T LightEvent_Init
00106cdc 0000007c T LightEvent_Clear
00106d58 000000dc T LightEvent_Signal
00106e34 000000d0 T LightEvent_Wait
00106f04 0000001c t threadFree.part.0
00106f20 000001bc T threadCreate
001070dc 00000024 T threadJoin
00107100 00000064 T threadExit
00107164 00000040 t _thread_begin
001071a4 00000074 T ptmSysmInit
00107218 0000003c T ptmSysmExit
00107254 00000034 T PTMSYSM_ConfigureNew3DSCPU
00107288 00000070 T rbtree_find
001072f8 00000014 T rbtree_init
0010730c 0000018c t do_insert
00107498 00000008 T rbtree_insert
001074a0 00000324 T rbtree_remove
001077c4 00000094 T rbtree_rotate
00107858 00000060 T decode_utf16
001078b8 00000138 T decode_utf8
001079f0 00000068 T encode_utf16
00107a58 00000104 T encode_utf8
00107b5c 00000058 t osGetMemRegionSize
00107bb4 00000104 W __system_allocateHeaps
00107cb8 0000001c W __appExit
00107cd4 0000001c W __appInit
00107cf0 000000a4 W __libctru_exit
00107d94 00000010 t sdmc_link
00107da4 00000010 t sdmc_dirreset
00107db4 00000010 t sdmc_fchmod
00107dc4 00000024 t error_cmp
00107de8 00000050 t sdmc_translate_error
00107e38 00000034 t sdmc_fsync
00107e6c 00000054 t sdmc_ftruncate
00107ec0 000000b8 t sdmc_statvfs
00107f78 00000038 t sdmc_dirclose
00107fb0 00000138 t sdmc_dirnext
001080e8 00000034 t sdmc_close
0010811c 00000074 t sdmc_fstat
00108190 000000d8 t sdmc_seek
00108268 00000084 t sdmc_read
001082ec 000000b8 t sdmc_write
001083a4 000001ac t sdmc_utf16path
00108550 00000074 t sdmc_rmdir
001085c4 000000a4 t sdmc_diropen
00108668 000000a0 t sdmc_chdir
00108708 00000098 t sdmc_mkdir
001087a0 00000108 t sdmc_rename
001088a8 00000074 t sdmc_unlink
0010891c 00000108 t sdmc_stat
00108a24 00000188 t sdmc_open
00108bac 00000010 t sdmc_chmod
00108bbc 00000160 T sdmcInit
00108d1c 00000060 T sdmcExit
00108d7c 00000028 t fsSessionForArchive.part.0
00108da4 000000cc T fsInit
00108e70 0000003c T fsExit
00108eac 000000a0 T fsExemptFromSession
00108f4c 00000050 T fsUnexemptFromSession
00108f9c 000000bc T FSUSER_OpenFile
00109058 000000a4 T FSUSER_DeleteFile
001090fc 000000e0 T FSUSER_RenameFile
001091dc 000000a4 T FSUSER_DeleteDirectory
00109280 000000bc T FSUSER_CreateFile
0010933c 000000ac T FSUSER_CreateDirectory
001093e8 000000e0 T FSUSER_RenameDirectory
001094c8 000000a4 T FSUSER_OpenDirectory
0010956c 00000098 T FSUSER_OpenArchive
00109604 00000074 T FSUSER_CloseArchive
00109678 00000078 T FSUSER_GetSdmcArchiveResource
001096f0 00000064 T FSUSER_IsSdmcWritable
00109754 0000005c T FSFILE_Read
001097b0 00000064 T FSFILE_Write
00109814 0000003c T FSFILE_GetSize
00109850 0000002c T FSFILE_SetSize
0010987c 0000003c T FSFILE_Close
001098b8 00000024 T FSFILE_Flush
001098dc 00000054 T FSDIR_Read
00109930 0000003c T FSDIR_Close
0010996c 00000074 T rbtree_node_next
001099e0 T __aeabi_read_tp
001099ec 00000128 T __udivmoddi4
00109b14 00000074 T bsearch
00109b88 0000000c T __errno
00109b94 00000154 T _fclose_r
00109ce8 00000018 T fclose
00109d00 00000254 T __sflush_r
00109f54 00000094 T _fflush_r
00109fe8 00000038 T fflush
0010a020 0000000c T _cleanup_r
0010a02c 00000080 t std.isra.0
0010a0ac 00000048 T __sfmoreglue
0010a0f4 0000008c T __sinit
0010a180 00000118 T __sfp
0010a298 0000000c T __sfp_lock_acquire
0010a2a4 0000000c T __sfp_lock_release
0010a2b0 00000040 T __libc_fini_array
0010a2f0 00000148 T _fopen_r
0010a438 00000020 T fopen
0010a458 000000f8 T _malloc_trim_r
0010a550 000002e4 T _free_r
0010a834 00000004 T _fseek_r
0010a838 000005d4 T _fseeko_r
0010ae0c 00000078 T _fwalk
0010ae84 00000080 T _fwalk_reent
0010af04 000000f4 T _fwrite_r
0010aff8 00000038 T fwrite
0010b030 00000078 T __libc_init_array
0010b0a8 00000094 T __swhatbuf_r
0010b13c 000000f4 T __smakebuf_r
0010b230 00000020 T memalign
0010b250 00000158 T _memalign_r
0010b3a8 00000018 T malloc
0010b3c0 00000018 T free
0010b3d8 0000078c T _malloc_r
0010bb64 00000104 T memchr
0010bc68 00000114 T memcpy
0010bd7c 00000110 T memset
0010be8c 0000000c T __malloc_lock
0010be98 0000000c T __malloc_unlock
0010bea4 00000038 T printf
0010bedc 0000001c t lflush
0010bef8 000001b4 T __srefill_r
0010c0ac 00000028 T remove
0010c0d4 00000258 T setvbuf
0010c32c 00000074 T sscanf
0010c3a0 0000003c T __sread
0010c3dc 00000008 T __seofread
0010c3e4 00000064 T __swrite
0010c448 0000004c T __sseek
0010c494 00000008 T __sclose
0010c49c 0000005c T strlen
0010c4f8 0000009c T strncat
0010c594 000000d8 T strncpy
0010c66c 0000290c T __ssvfscanf_r
0010ef78 0000001c t __sprint_r.part.0
0010ef94 0000001c T __sprint_r
0010efb0 00001624 t get_arg
001105d8 00004314 T _vfprintf_r
001148ec 000000cc t __sbprintf
001149b8 000000a0 T _wcrtomb_r
00114a58 00000020 T _wcsrtombs_r
00114a78 00000144 T __swsetup_r
00114bbc 000001d0 t quorem
00114d90 00001260 T _dtoa_r
00115ff0 000000b0 T __sflags
001160a0 000004ac T __sfvwrite_r
0011654c 00000074 T iswspace
001165c0 00000204 t __jp2uc
001167c4 000000c8 T _jp2uc
0011688c 00000008 T __localeconv_l
00116894 00000024 T _localeconv_r
001168b8 00000024 T __locale_mb_cur_max
001168dc 00000008 T __locale_ctype_ptr_l
001168e4 00000024 T __locale_ctype_ptr
00116908 000000b4 T _mbrtowc_r
001169bc 00000300 T __utf8_mbtowc
00116cbc 00000148 T memmove
00116e04 00000088 T _Balloc
00116e8c 0000001c T _Bfree
00116ea8 000000d8 T __multadd
00116f80 000000f0 T __s2b
00117070 00000058 T __hi0bits
001170c8 0000009c T __lo0bits
00117164 00000020 T __i2b
00117184 000001cc T __multiply
00117350 00000100 T __pow5mult
00117450 000000e4 T __lshift
00117534 00000060 T __mcmp
00117594 00000198 T __mdiff
0011772c 00000078 T __ulp
001177a4 000000d4 T __b2d
00117878 00000108 T __d2b
00117980 0000007c T __ratio
001179fc 0000006c T __copybits
00117a68 00000080 T __any_on
00117ae8 000004cc T _realloc_r
00117fb4 000000cc T __sccl
00118080 0000000c T nanf
00118090 0000009c T frexp
0011812c 00000068 T sprintf
00118194 00000100 T stpncpy
00118294 000001ac T strchr
00118440 00000108 T strncmp
00118548 00000054 t sulp
001185a0 00001434 T _strtod_l
001199d4 0000003c T _strtod_r
00119a10 000002dc t _strtoll_l.isra.0
00119cec 00000050 T _strtoll_r
00119d3c 00000220 t _strtol_l.isra.0
00119f5c 00000050 T _strtol_r
00119fb0 00000268 t _strtoull_l.isra.0
0011a218 00000050 T _strtoull_r
0011a268 000001e4 t _strtoul_l.isra.0
0011a44c 00000050 T _strtoul_r
0011a49c 00000188 T __ssprint_r
0011a624 000000e8 T _sungetc_r
0011a70c 0000006c T __ssrefill_r
0011a778 000000d0 T _sfread_r
0011a848 00001624 t get_arg
0011be70 000041c4 T _svfprintf_r
00120034 000000a8 T __submore
001200dc 00000174 T _wcsnrtombs_l
00120250 00000064 T _wcsnrtombs_r
001202b4 000000e8 T __utf8_wctomb
0012039c 00000090 T _calloc_r
0012042c 000000f0 t rshift
0012051c 000007f4 T __gethex
00120d10 00000064 T __match
00120d74 00000264 T __hexnan
00120fd8 00000008 t null_write
00120fe0 00000018 T setDefaultDevice
00120ff8 000000cc T FindDevice
001210c4 00000028 T RemoveDevice
001210ec 00000098 T AddDevice
00121184 00000084 T _close_r
00121208 0000007c T _fstat_r
00121284 00000008 T _isatty_r
0012128c 00000090 T _lseek_r
0012131c 000000c0 T _open_r
001213dc 00000088 T _read_r
00121464 00000070 T _sbrk_r
001214d4 0000006c T _unlink_r
00121540 00000088 T _write_r
001215c8 000001d4 T _concatenate_path
0012179c 0000015c T chdir
001218f8 00000060 T mkdir
00121958 00000008 T __flockfile
00121960 00000008 T __funlockfile
00121968 00000018 T __libc_lock_acquire
00121980 00000018 T __libc_lock_release
00121998 00000018 T __libc_lock_init_recursive
001219b0 00000018 T __libc_lock_acquire_recursive
001219c8 00000018 T __libc_lock_release_recursive
001219e0 00000018 T __libc_lock_close_recursive
001219f8 0000004c T __free_handle
00121a44 00000040 T __release_handle
00121a84 000000b4 T __alloc_handle
00121b38 00000018 T __get_handle
00121b50 00000028 T __getreent
00121b78 0000005c T strnlen
00121bd4 00000044 T strrchr
00121c18 T _fini
00122018 R default_font_bin
00122818 R default_font_bin_end
00122818 R default_font_bin_size
00122f10 00000030 r colorTable
00122f94 00000068 r dotab_stdout
00123010 00000014 r CSWTCH.28
00123024 00000008 r framebufferInfoSt
00123034 0000000c r serviceNameTable.7459
0012307c 00000014 r swkbdFeatures
001230a4 00000030 r error_table
001230ec 00000004 R _global_impure_ptr
001230f8 00000022 r basefix.8441
0012315c r .LC2
00123160 00000010 r blanks.8415
00123170 00000010 r zeroes.8416
001231a4 000000bc r a1
00123260 000000bc r a2
0012331c 0000005b r a3
00123378 00000070 r a6
001233e8 000000a2 r a7
0012348c 00000040 r a8
001234cc 0000172a r b02cf
00124bf8 00001a7c r d02f4
001266c0 00000028 R __mprec_bigtens
001266e8 000000c8 R __mprec_tens
001267b0 0000000c r p05.7191
001267cc 00000014 r fpi.7277
001267e0 00000014 r fpinan.7313
001267f8 00000028 r tinytens
00126820 0000006c R __action_table
0012688c 00000100 R __chclass
0012698c 0000006c R __state_table
001269f8 00000010 r blanks.8400
00126a08 00000010 r zeroes.8401
00126a18 00000101 R _ctype_
00126b1c 00000100 R __hexdig
00126c24 00000068 R dotab_stdnull
00126c8c 00000003 R DIRECTORY_PARENT
00126c90 r __EH_FRAME_BEGIN__
00126c90 R __exidx_end
00126c90 R __exidx_start
00127000 W __stacksize__
00127004 00000004 D currentConsole
00127008 0000004c D defaultConsole
00127054 00000001 d firstConsoleInit.7767
00127055 00000001 d botFormat
00127058 00000008 d doubleBuf
00127060 00000001 d topFormat
00127064 00000004 d aptFlags
00127068 00000004 d gspLastEvent
0012706c 00000004 V __ctru_linear_heap_size
00127070 00000401 d __cwd
00127474 00000068 d sdmc_devoptab
001274dc 0000000c d __sfp_lock
001274e8 0000000c d __sinit_lock
001274f4 00000004 D _impure_ptr
001274f8 00000460 d impure_data
00127958 00000408 D __malloc_av_
00127d60 00000004 D __malloc_sbrk_base
00127d64 00000004 D __malloc_trim_threshold
00127d68 0000000c d __malloc_lock_object
00127d74 0000016c D __global_locale
00127ee0 00000004 d defaultDevice
00127ee4 00000040 D devoptab_list
00127f24 00001000 d _current_working_directory
00128f24 00000004 d __hndl_lock
00128f28 0000000c d __stderr_handle
00128f34 0000000c d __stdin_handle
00128f40 0000000c d __stdout_handle
00128f4c 00001000 d handles
00129f4c t __frame_dummy_init_array_entry
00129f4c T __init_array_start
00129f4c d __JCR_LIST__
00129f4c B __preinit_array_end
00129f4c B __preinit_array_start
00129f4c D __tdata_lma
00129f4c D __tdata_lma_end
00129f4c D __TMC_END__
00129f4c d __TMC_LIST__
00129f50 t __do_global_dtors_aux_fini_array_entry
00129f50 T __fini_array_start
00129f50 T __init_array_end
00129f54 T __bss_start__
00129f54 T __fini_array_end
00129f54 00000400 b swkbd.12799
0012a354 00000014 b buf.12800
0012a368 00000014 b string.12803
0012a37c b saved_stack
0012a384 b completed.7620
0012a388 b object.7625
0012a3a0 00000002 b currentBuffer
0012a3a2 00000001 b enable3d
0012a3a4 00000004 b screenAlloc
0012a3a8 00000004 b screenFree
0012a3ac 00000001 b aptChainloadMediatype
0012a3b0 00000008 b aptChainloadTid
0012a3b8 00000004 b aptEventHandlerThread
0012a3bc 0000000c b aptEvents
0012a3c8 0000000c b aptFirstHook
0012a3d4 00000001 b aptHomeButtonState
0012a3d8 00000004 b aptLockHandle
0012a3dc 00000004 b aptMessageFunc
0012a3e0 00000004 b aptMessageFuncData
0012a3e4 00001000 b aptParameters
0012b3e4 00000004 b aptRefCount
0012b3e8 00000008 b aptSleepEvent
0012b3f0 00000001 b flagInit.7819
0012b3f1 00000001 b flagValue.7820
0012b3f4 00000004 b serviceName.7458
0012b3f8 00000004 b gspEvent
0012b3fc 0000001c b gspEventCb
0012b418 0000001c b gspEventCbData
0012b434 00000007 b gspEventCbOneShot
0012b43c 0000001c b gspEventCounts
0012b458 00000004 b gspEventData
0012b45c 00000004 b gspEventThread
0012b460 00000038 b gspEvents
0012b498 00000004 b gspRefCount
0012b49c 00000001 b gspRunEvents
0012b4a0 00000006 b aVec
0012b4a8 00000004 b cPos
0012b4ac 00000006 b gRate
0012b4b4 00000004 b hidRefCount
0012b4b8 00000004 b kDown
0012b4bc 00000004 b kHeld
0012b4c0 00000004 b kOld
0012b4c4 00000004 b kUp
0012b4c8 00000004 b tPos
0012b4cc 00000004 b csPos
0012b4d0 00000004 b irrstRefCount
0012b4d4 00000004 b kHeld
0012b4d8 00000004 b swkbdSharedMem
0012b4dc 00000004 b swkbdSharedMemHandle
0012b4e0 00000008 b sLinearPool
0012b4e8 0000000c b sAddrMap
0012b4f4 00000008 b sMappablePool
0012b4fc 0000000c b sAddrMap
0012b508 0000000c b sAddrMap
0012b514 00000008 b sVramPool
0012b51c 00000001 V __ctru_speedup
0012b520 00000004 b srvHandle
0012b524 00000004 b srvRefCount
0012b528 00000004 b arbiter
0012b52c 00000004 b ptmSysmHandle
0012b530 00000004 b ptmSysmRefCount
0012b534 00000004 V __ctru_heap_size
0012b538 00000008 b sdmcArchive
0012b540 00000001 b sdmcInitialised
0012b548 00000080 b fsExemptArchives
0012b5c8 00000004 b fsuHandle
0012b5cc 00000004 b fsuRefCount
0012b5d0 00000028 B __malloc_current_mallinfo
0012b5f8 00000004 B __malloc_max_sbrked_mem
0012b5fc 00000004 B __malloc_max_total_mem
0012b600 00000004 B __malloc_top_pad
0012b604 00000004 b heap_start.6927
0012b608 00000004 B fake_heap_end
0012b60c 00000004 B fake_heap_start
0012b610 00001000 b temp_cwd
0012c610 00000038 B __syscalls
0012c648 0000004c B currentCopy
0012c694 00000008 B gfxBottomFramebuffers
0012c69c 00000004 B gspSharedMemHandle
0012c6a0 0000001c B bottomFramebufferInfo
0012c6bc 00000004 B gspEvent
0012c6c0 00000008 B gfxTopLeftFramebuffers
0012c6c8 00000008 B gfxTopRightFramebuffers
0012c6d0 0000001c B topFramebufferInfo
0012c6ec 00000001 B gfxThreadID
0012c6f0 00000004 B gfxSharedMemory
0012c6f4 00000004 B gfxTopFramebufferMaxSize
0012c6f8 00000004 B gfxBottomFramebufferMaxSize
0012c6fc 00000004 B gxCmdBuf
0012c700 00000004 B gspGpuHandle
0012c704 00000004 B hidMemHandle
0012c708 00000004 B hidHandle
0012c70c 00000004 B hidSharedMem
0012c710 00000014 B hidEvents
0012c724 00000004 B irrstHandle
0012c728 00000004 B irrstEvent
0012c72c 00000004 B irrstMemHandle
0012c730 00000004 B irrstSharedMem
0012c734 00000004 B __system_argv
0012c738 00000004 B __system_argc
0012c73c 00000004 B __system_retAddr
0012c740 00000004 B __ctru_linear_heap
0012c744 00000004 B __ctru_heap
0012c748 B __tls_start
0012db54 B __bss_end__
0012db54 A __end__
0012db54 B __tls_end
